/insomnia001/home/pm3361/vision-memory/venv/lib64/python3.9/site-packages/google/auth/__init__.py:54: FutureWarning: You are using a Python version 3.9 past its end of life. Google will update google-auth with critical bug fixes on a best-effort basis, but not with any other fixes or features. Please upgrade your Python version, and then update google-auth.
  warnings.warn(eol_message.format("3.9"), FutureWarning)
/insomnia001/home/pm3361/vision-memory/venv/lib64/python3.9/site-packages/google/oauth2/__init__.py:40: FutureWarning: You are using a Python version 3.9 past its end of life. Google will update google-auth with critical bug fixes on a best-effort basis, but not with any other fixes or features. Please upgrade your Python version, and then update google-auth.
  warnings.warn(eol_message.format("3.9"), FutureWarning)
Traceback (most recent call last):
  File "/usr/lib64/python3.9/runpy.py", line 197, in _run_module_as_main
    return _run_code(code, main_globals, None,
  File "/usr/lib64/python3.9/runpy.py", line 87, in _run_code
    exec(code, run_globals)
  File "/insomnia001/home/pm3361/vision-memory/eval_scripts/eval_2afc.py", line 271, in <module>
    main()
  File "/insomnia001/home/pm3361/vision-memory/eval_scripts/eval_2afc.py", line 192, in main
    evaluators.append(GoogleEvaluator())
  File "/insomnia001/home/pm3361/vision-memory/evaluators/google_evaluator.py", line 15, in __init__
    self.client = genai.Client(api_key=os.environ.get("GOOGLE_API_KEY"))
  File "/insomnia001/home/pm3361/vision-memory/venv/lib64/python3.9/site-packages/google/genai/client.py", line 265, in __init__
    self._api_client = self._get_api_client(
  File "/insomnia001/home/pm3361/vision-memory/venv/lib64/python3.9/site-packages/google/genai/client.py", line 311, in _get_api_client
    return BaseApiClient(
  File "/insomnia001/home/pm3361/vision-memory/venv/lib64/python3.9/site-packages/google/genai/_api_client.py", line 676, in __init__
    raise ValueError(
ValueError: Missing key inputs argument! To use the Google AI API, provide (`api_key`) arguments. To use the Google Cloud API, provide (`vertexai`, `project` & `location`) arguments.
/insomnia001/home/pm3361/vision-memory/venv/lib64/python3.9/site-packages/google/auth/__init__.py:54: FutureWarning: You are using a Python version 3.9 past its end of life. Google will update google-auth with critical bug fixes on a best-effort basis, but not with any other fixes or features. Please upgrade your Python version, and then update google-auth.
  warnings.warn(eol_message.format("3.9"), FutureWarning)
/insomnia001/home/pm3361/vision-memory/venv/lib64/python3.9/site-packages/google/oauth2/__init__.py:40: FutureWarning: You are using a Python version 3.9 past its end of life. Google will update google-auth with critical bug fixes on a best-effort basis, but not with any other fixes or features. Please upgrade your Python version, and then update google-auth.
  warnings.warn(eol_message.format("3.9"), FutureWarning)
Traceback (most recent call last):
  File "/usr/lib64/python3.9/runpy.py", line 197, in _run_module_as_main
    return _run_code(code, main_globals, None,
  File "/usr/lib64/python3.9/runpy.py", line 87, in _run_code
    exec(code, run_globals)
  File "/insomnia001/home/pm3361/vision-memory/eval_scripts/eval_2afc.py", line 271, in <module>
    main()
  File "/insomnia001/home/pm3361/vision-memory/eval_scripts/eval_2afc.py", line 192, in main
    evaluators.append(GoogleEvaluator())
  File "/insomnia001/home/pm3361/vision-memory/evaluators/google_evaluator.py", line 15, in __init__
    self.client = genai.Client(api_key=os.environ.get("GOOGLE_API_KEY"))
  File "/insomnia001/home/pm3361/vision-memory/venv/lib64/python3.9/site-packages/google/genai/client.py", line 265, in __init__
    self._api_client = self._get_api_client(
  File "/insomnia001/home/pm3361/vision-memory/venv/lib64/python3.9/site-packages/google/genai/client.py", line 311, in _get_api_client
    return BaseApiClient(
  File "/insomnia001/home/pm3361/vision-memory/venv/lib64/python3.9/site-packages/google/genai/_api_client.py", line 676, in __init__
    raise ValueError(
ValueError: Missing key inputs argument! To use the Google AI API, provide (`api_key`) arguments. To use the Google Cloud API, provide (`vertexai`, `project` & `location`) arguments.
/insomnia001/home/pm3361/vision-memory/venv/lib64/python3.9/site-packages/google/auth/__init__.py:54: FutureWarning: You are using a Python version 3.9 past its end of life. Google will update google-auth with critical bug fixes on a best-effort basis, but not with any other fixes or features. Please upgrade your Python version, and then update google-auth.
  warnings.warn(eol_message.format("3.9"), FutureWarning)
/insomnia001/home/pm3361/vision-memory/venv/lib64/python3.9/site-packages/google/oauth2/__init__.py:40: FutureWarning: You are using a Python version 3.9 past its end of life. Google will update google-auth with critical bug fixes on a best-effort basis, but not with any other fixes or features. Please upgrade your Python version, and then update google-auth.
  warnings.warn(eol_message.format("3.9"), FutureWarning)
Traceback (most recent call last):
  File "/usr/lib64/python3.9/runpy.py", line 197, in _run_module_as_main
    return _run_code(code, main_globals, None,
  File "/usr/lib64/python3.9/runpy.py", line 87, in _run_code
    exec(code, run_globals)
  File "/insomnia001/home/pm3361/vision-memory/eval_scripts/eval_2afc.py", line 271, in <module>
    main()
  File "/insomnia001/home/pm3361/vision-memory/eval_scripts/eval_2afc.py", line 192, in main
    evaluators.append(GoogleEvaluator())
  File "/insomnia001/home/pm3361/vision-memory/evaluators/google_evaluator.py", line 15, in __init__
    self.client = genai.Client(api_key=os.environ.get("GOOGLE_API_KEY"))
  File "/insomnia001/home/pm3361/vision-memory/venv/lib64/python3.9/site-packages/google/genai/client.py", line 265, in __init__
    self._api_client = self._get_api_client(
  File "/insomnia001/home/pm3361/vision-memory/venv/lib64/python3.9/site-packages/google/genai/client.py", line 311, in _get_api_client
    return BaseApiClient(
  File "/insomnia001/home/pm3361/vision-memory/venv/lib64/python3.9/site-packages/google/genai/_api_client.py", line 676, in __init__
    raise ValueError(
ValueError: Missing key inputs argument! To use the Google AI API, provide (`api_key`) arguments. To use the Google Cloud API, provide (`vertexai`, `project` & `location`) arguments.
/insomnia001/home/pm3361/vision-memory/venv/lib64/python3.9/site-packages/google/auth/__init__.py:54: FutureWarning: You are using a Python version 3.9 past its end of life. Google will update google-auth with critical bug fixes on a best-effort basis, but not with any other fixes or features. Please upgrade your Python version, and then update google-auth.
  warnings.warn(eol_message.format("3.9"), FutureWarning)
/insomnia001/home/pm3361/vision-memory/venv/lib64/python3.9/site-packages/google/oauth2/__init__.py:40: FutureWarning: You are using a Python version 3.9 past its end of life. Google will update google-auth with critical bug fixes on a best-effort basis, but not with any other fixes or features. Please upgrade your Python version, and then update google-auth.
  warnings.warn(eol_message.format("3.9"), FutureWarning)
Traceback (most recent call last):
  File "/usr/lib64/python3.9/runpy.py", line 197, in _run_module_as_main
    return _run_code(code, main_globals, None,
  File "/usr/lib64/python3.9/runpy.py", line 87, in _run_code
    exec(code, run_globals)
  File "/insomnia001/home/pm3361/vision-memory/eval_scripts/eval_2afc.py", line 271, in <module>
    main()
  File "/insomnia001/home/pm3361/vision-memory/eval_scripts/eval_2afc.py", line 192, in main
    evaluators.append(GoogleEvaluator())
  File "/insomnia001/home/pm3361/vision-memory/evaluators/google_evaluator.py", line 15, in __init__
    self.client = genai.Client(api_key=os.environ.get("GOOGLE_API_KEY"))
  File "/insomnia001/home/pm3361/vision-memory/venv/lib64/python3.9/site-packages/google/genai/client.py", line 265, in __init__
    self._api_client = self._get_api_client(
  File "/insomnia001/home/pm3361/vision-memory/venv/lib64/python3.9/site-packages/google/genai/client.py", line 311, in _get_api_client
    return BaseApiClient(
  File "/insomnia001/home/pm3361/vision-memory/venv/lib64/python3.9/site-packages/google/genai/_api_client.py", line 676, in __init__
    raise ValueError(
ValueError: Missing key inputs argument! To use the Google AI API, provide (`api_key`) arguments. To use the Google Cloud API, provide (`vertexai`, `project` & `location`) arguments.
/insomnia001/home/pm3361/vision-memory/venv/lib64/python3.9/site-packages/google/auth/__init__.py:54: FutureWarning: You are using a Python version 3.9 past its end of life. Google will update google-auth with critical bug fixes on a best-effort basis, but not with any other fixes or features. Please upgrade your Python version, and then update google-auth.
  warnings.warn(eol_message.format("3.9"), FutureWarning)
/insomnia001/home/pm3361/vision-memory/venv/lib64/python3.9/site-packages/google/oauth2/__init__.py:40: FutureWarning: You are using a Python version 3.9 past its end of life. Google will update google-auth with critical bug fixes on a best-effort basis, but not with any other fixes or features. Please upgrade your Python version, and then update google-auth.
  warnings.warn(eol_message.format("3.9"), FutureWarning)
Traceback (most recent call last):
  File "/usr/lib64/python3.9/runpy.py", line 197, in _run_module_as_main
    return _run_code(code, main_globals, None,
  File "/usr/lib64/python3.9/runpy.py", line 87, in _run_code
    exec(code, run_globals)
  File "/insomnia001/home/pm3361/vision-memory/eval_scripts/eval_2afc.py", line 271, in <module>
    main()
  File "/insomnia001/home/pm3361/vision-memory/eval_scripts/eval_2afc.py", line 192, in main
    evaluators.append(GoogleEvaluator())
  File "/insomnia001/home/pm3361/vision-memory/evaluators/google_evaluator.py", line 15, in __init__
    self.client = genai.Client(api_key=os.environ.get("GOOGLE_API_KEY"))
  File "/insomnia001/home/pm3361/vision-memory/venv/lib64/python3.9/site-packages/google/genai/client.py", line 265, in __init__
    self._api_client = self._get_api_client(
  File "/insomnia001/home/pm3361/vision-memory/venv/lib64/python3.9/site-packages/google/genai/client.py", line 311, in _get_api_client
    return BaseApiClient(
  File "/insomnia001/home/pm3361/vision-memory/venv/lib64/python3.9/site-packages/google/genai/_api_client.py", line 676, in __init__
    raise ValueError(
ValueError: Missing key inputs argument! To use the Google AI API, provide (`api_key`) arguments. To use the Google Cloud API, provide (`vertexai`, `project` & `location`) arguments.
/insomnia001/home/pm3361/vision-memory/venv/lib64/python3.9/site-packages/google/auth/__init__.py:54: FutureWarning: You are using a Python version 3.9 past its end of life. Google will update google-auth with critical bug fixes on a best-effort basis, but not with any other fixes or features. Please upgrade your Python version, and then update google-auth.
  warnings.warn(eol_message.format("3.9"), FutureWarning)
/insomnia001/home/pm3361/vision-memory/venv/lib64/python3.9/site-packages/google/oauth2/__init__.py:40: FutureWarning: You are using a Python version 3.9 past its end of life. Google will update google-auth with critical bug fixes on a best-effort basis, but not with any other fixes or features. Please upgrade your Python version, and then update google-auth.
  warnings.warn(eol_message.format("3.9"), FutureWarning)
Traceback (most recent call last):
  File "/usr/lib64/python3.9/runpy.py", line 197, in _run_module_as_main
    return _run_code(code, main_globals, None,
  File "/usr/lib64/python3.9/runpy.py", line 87, in _run_code
    exec(code, run_globals)
  File "/insomnia001/home/pm3361/vision-memory/eval_scripts/eval_2afc.py", line 271, in <module>
    main()
  File "/insomnia001/home/pm3361/vision-memory/eval_scripts/eval_2afc.py", line 192, in main
    evaluators.append(GoogleEvaluator())
  File "/insomnia001/home/pm3361/vision-memory/evaluators/google_evaluator.py", line 15, in __init__
    self.client = genai.Client(api_key=os.environ.get("GOOGLE_API_KEY"))
  File "/insomnia001/home/pm3361/vision-memory/venv/lib64/python3.9/site-packages/google/genai/client.py", line 265, in __init__
    self._api_client = self._get_api_client(
  File "/insomnia001/home/pm3361/vision-memory/venv/lib64/python3.9/site-packages/google/genai/client.py", line 311, in _get_api_client
    return BaseApiClient(
  File "/insomnia001/home/pm3361/vision-memory/venv/lib64/python3.9/site-packages/google/genai/_api_client.py", line 676, in __init__
    raise ValueError(
ValueError: Missing key inputs argument! To use the Google AI API, provide (`api_key`) arguments. To use the Google Cloud API, provide (`vertexai`, `project` & `location`) arguments.
/insomnia001/home/pm3361/vision-memory/venv/lib64/python3.9/site-packages/google/auth/__init__.py:54: FutureWarning: You are using a Python version 3.9 past its end of life. Google will update google-auth with critical bug fixes on a best-effort basis, but not with any other fixes or features. Please upgrade your Python version, and then update google-auth.
  warnings.warn(eol_message.format("3.9"), FutureWarning)
/insomnia001/home/pm3361/vision-memory/venv/lib64/python3.9/site-packages/google/oauth2/__init__.py:40: FutureWarning: You are using a Python version 3.9 past its end of life. Google will update google-auth with critical bug fixes on a best-effort basis, but not with any other fixes or features. Please upgrade your Python version, and then update google-auth.
  warnings.warn(eol_message.format("3.9"), FutureWarning)
Traceback (most recent call last):
  File "/usr/lib64/python3.9/runpy.py", line 197, in _run_module_as_main
    return _run_code(code, main_globals, None,
  File "/usr/lib64/python3.9/runpy.py", line 87, in _run_code
    exec(code, run_globals)
  File "/insomnia001/home/pm3361/vision-memory/eval_scripts/eval_2afc.py", line 271, in <module>
    main()
  File "/insomnia001/home/pm3361/vision-memory/eval_scripts/eval_2afc.py", line 192, in main
    evaluators.append(GoogleEvaluator())
  File "/insomnia001/home/pm3361/vision-memory/evaluators/google_evaluator.py", line 15, in __init__
    self.client = genai.Client(api_key=os.environ.get("GOOGLE_API_KEY"))
  File "/insomnia001/home/pm3361/vision-memory/venv/lib64/python3.9/site-packages/google/genai/client.py", line 265, in __init__
    self._api_client = self._get_api_client(
  File "/insomnia001/home/pm3361/vision-memory/venv/lib64/python3.9/site-packages/google/genai/client.py", line 311, in _get_api_client
    return BaseApiClient(
  File "/insomnia001/home/pm3361/vision-memory/venv/lib64/python3.9/site-packages/google/genai/_api_client.py", line 676, in __init__
    raise ValueError(
ValueError: Missing key inputs argument! To use the Google AI API, provide (`api_key`) arguments. To use the Google Cloud API, provide (`vertexai`, `project` & `location`) arguments.
/insomnia001/home/pm3361/vision-memory/venv/lib64/python3.9/site-packages/google/auth/__init__.py:54: FutureWarning: You are using a Python version 3.9 past its end of life. Google will update google-auth with critical bug fixes on a best-effort basis, but not with any other fixes or features. Please upgrade your Python version, and then update google-auth.
  warnings.warn(eol_message.format("3.9"), FutureWarning)
/insomnia001/home/pm3361/vision-memory/venv/lib64/python3.9/site-packages/google/oauth2/__init__.py:40: FutureWarning: You are using a Python version 3.9 past its end of life. Google will update google-auth with critical bug fixes on a best-effort basis, but not with any other fixes or features. Please upgrade your Python version, and then update google-auth.
  warnings.warn(eol_message.format("3.9"), FutureWarning)
Traceback (most recent call last):
  File "/usr/lib64/python3.9/runpy.py", line 197, in _run_module_as_main
    return _run_code(code, main_globals, None,
  File "/usr/lib64/python3.9/runpy.py", line 87, in _run_code
    exec(code, run_globals)
  File "/insomnia001/home/pm3361/vision-memory/eval_scripts/eval_2afc.py", line 271, in <module>
    main()
  File "/insomnia001/home/pm3361/vision-memory/eval_scripts/eval_2afc.py", line 192, in main
    evaluators.append(GoogleEvaluator())
  File "/insomnia001/home/pm3361/vision-memory/evaluators/google_evaluator.py", line 15, in __init__
    self.client = genai.Client(api_key=os.environ.get("GOOGLE_API_KEY"))
  File "/insomnia001/home/pm3361/vision-memory/venv/lib64/python3.9/site-packages/google/genai/client.py", line 265, in __init__
    self._api_client = self._get_api_client(
  File "/insomnia001/home/pm3361/vision-memory/venv/lib64/python3.9/site-packages/google/genai/client.py", line 311, in _get_api_client
    return BaseApiClient(
  File "/insomnia001/home/pm3361/vision-memory/venv/lib64/python3.9/site-packages/google/genai/_api_client.py", line 676, in __init__
    raise ValueError(
ValueError: Missing key inputs argument! To use the Google AI API, provide (`api_key`) arguments. To use the Google Cloud API, provide (`vertexai`, `project` & `location`) arguments.
/insomnia001/home/pm3361/vision-memory/venv/lib64/python3.9/site-packages/google/auth/__init__.py:54: FutureWarning: You are using a Python version 3.9 past its end of life. Google will update google-auth with critical bug fixes on a best-effort basis, but not with any other fixes or features. Please upgrade your Python version, and then update google-auth.
  warnings.warn(eol_message.format("3.9"), FutureWarning)
/insomnia001/home/pm3361/vision-memory/venv/lib64/python3.9/site-packages/google/oauth2/__init__.py:40: FutureWarning: You are using a Python version 3.9 past its end of life. Google will update google-auth with critical bug fixes on a best-effort basis, but not with any other fixes or features. Please upgrade your Python version, and then update google-auth.
  warnings.warn(eol_message.format("3.9"), FutureWarning)
Traceback (most recent call last):
  File "/usr/lib64/python3.9/runpy.py", line 197, in _run_module_as_main
    return _run_code(code, main_globals, None,
  File "/usr/lib64/python3.9/runpy.py", line 87, in _run_code
    exec(code, run_globals)
  File "/insomnia001/home/pm3361/vision-memory/eval_scripts/eval_2afc.py", line 271, in <module>
    main()
  File "/insomnia001/home/pm3361/vision-memory/eval_scripts/eval_2afc.py", line 192, in main
    evaluators.append(GoogleEvaluator())
  File "/insomnia001/home/pm3361/vision-memory/evaluators/google_evaluator.py", line 15, in __init__
    self.client = genai.Client(api_key=os.environ.get("GOOGLE_API_KEY"))
  File "/insomnia001/home/pm3361/vision-memory/venv/lib64/python3.9/site-packages/google/genai/client.py", line 265, in __init__
    self._api_client = self._get_api_client(
  File "/insomnia001/home/pm3361/vision-memory/venv/lib64/python3.9/site-packages/google/genai/client.py", line 311, in _get_api_client
    return BaseApiClient(
  File "/insomnia001/home/pm3361/vision-memory/venv/lib64/python3.9/site-packages/google/genai/_api_client.py", line 676, in __init__
    raise ValueError(
ValueError: Missing key inputs argument! To use the Google AI API, provide (`api_key`) arguments. To use the Google Cloud API, provide (`vertexai`, `project` & `location`) arguments.
/insomnia001/home/pm3361/vision-memory/venv/lib64/python3.9/site-packages/google/auth/__init__.py:54: FutureWarning: You are using a Python version 3.9 past its end of life. Google will update google-auth with critical bug fixes on a best-effort basis, but not with any other fixes or features. Please upgrade your Python version, and then update google-auth.
  warnings.warn(eol_message.format("3.9"), FutureWarning)
/insomnia001/home/pm3361/vision-memory/venv/lib64/python3.9/site-packages/google/oauth2/__init__.py:40: FutureWarning: You are using a Python version 3.9 past its end of life. Google will update google-auth with critical bug fixes on a best-effort basis, but not with any other fixes or features. Please upgrade your Python version, and then update google-auth.
  warnings.warn(eol_message.format("3.9"), FutureWarning)
Traceback (most recent call last):
  File "/usr/lib64/python3.9/runpy.py", line 197, in _run_module_as_main
    return _run_code(code, main_globals, None,
  File "/usr/lib64/python3.9/runpy.py", line 87, in _run_code
    exec(code, run_globals)
  File "/insomnia001/home/pm3361/vision-memory/eval_scripts/eval_2afc.py", line 271, in <module>
    main()
  File "/insomnia001/home/pm3361/vision-memory/eval_scripts/eval_2afc.py", line 192, in main
    evaluators.append(GoogleEvaluator())
  File "/insomnia001/home/pm3361/vision-memory/evaluators/google_evaluator.py", line 15, in __init__
    self.client = genai.Client(api_key=os.environ.get("GOOGLE_API_KEY"))
  File "/insomnia001/home/pm3361/vision-memory/venv/lib64/python3.9/site-packages/google/genai/client.py", line 265, in __init__
    self._api_client = self._get_api_client(
  File "/insomnia001/home/pm3361/vision-memory/venv/lib64/python3.9/site-packages/google/genai/client.py", line 311, in _get_api_client
    return BaseApiClient(
  File "/insomnia001/home/pm3361/vision-memory/venv/lib64/python3.9/site-packages/google/genai/_api_client.py", line 676, in __init__
    raise ValueError(
ValueError: Missing key inputs argument! To use the Google AI API, provide (`api_key`) arguments. To use the Google Cloud API, provide (`vertexai`, `project` & `location`) arguments.
/insomnia001/home/pm3361/vision-memory/venv/lib64/python3.9/site-packages/google/auth/__init__.py:54: FutureWarning: You are using a Python version 3.9 past its end of life. Google will update google-auth with critical bug fixes on a best-effort basis, but not with any other fixes or features. Please upgrade your Python version, and then update google-auth.
  warnings.warn(eol_message.format("3.9"), FutureWarning)
/insomnia001/home/pm3361/vision-memory/venv/lib64/python3.9/site-packages/google/oauth2/__init__.py:40: FutureWarning: You are using a Python version 3.9 past its end of life. Google will update google-auth with critical bug fixes on a best-effort basis, but not with any other fixes or features. Please upgrade your Python version, and then update google-auth.
  warnings.warn(eol_message.format("3.9"), FutureWarning)
Traceback (most recent call last):
  File "/usr/lib64/python3.9/runpy.py", line 197, in _run_module_as_main
    return _run_code(code, main_globals, None,
  File "/usr/lib64/python3.9/runpy.py", line 87, in _run_code
    exec(code, run_globals)
  File "/insomnia001/home/pm3361/vision-memory/eval_scripts/eval_2afc.py", line 271, in <module>
    main()
  File "/insomnia001/home/pm3361/vision-memory/eval_scripts/eval_2afc.py", line 192, in main
    evaluators.append(GoogleEvaluator())
  File "/insomnia001/home/pm3361/vision-memory/evaluators/google_evaluator.py", line 15, in __init__
    self.client = genai.Client(api_key=os.environ.get("GOOGLE_API_KEY"))
  File "/insomnia001/home/pm3361/vision-memory/venv/lib64/python3.9/site-packages/google/genai/client.py", line 265, in __init__
    self._api_client = self._get_api_client(
  File "/insomnia001/home/pm3361/vision-memory/venv/lib64/python3.9/site-packages/google/genai/client.py", line 311, in _get_api_client
    return BaseApiClient(
  File "/insomnia001/home/pm3361/vision-memory/venv/lib64/python3.9/site-packages/google/genai/_api_client.py", line 676, in __init__
    raise ValueError(
ValueError: Missing key inputs argument! To use the Google AI API, provide (`api_key`) arguments. To use the Google Cloud API, provide (`vertexai`, `project` & `location`) arguments.
/insomnia001/home/pm3361/vision-memory/venv/lib64/python3.9/site-packages/google/auth/__init__.py:54: FutureWarning: You are using a Python version 3.9 past its end of life. Google will update google-auth with critical bug fixes on a best-effort basis, but not with any other fixes or features. Please upgrade your Python version, and then update google-auth.
  warnings.warn(eol_message.format("3.9"), FutureWarning)
/insomnia001/home/pm3361/vision-memory/venv/lib64/python3.9/site-packages/google/oauth2/__init__.py:40: FutureWarning: You are using a Python version 3.9 past its end of life. Google will update google-auth with critical bug fixes on a best-effort basis, but not with any other fixes or features. Please upgrade your Python version, and then update google-auth.
  warnings.warn(eol_message.format("3.9"), FutureWarning)
Traceback (most recent call last):
  File "/usr/lib64/python3.9/runpy.py", line 197, in _run_module_as_main
    return _run_code(code, main_globals, None,
  File "/usr/lib64/python3.9/runpy.py", line 87, in _run_code
    exec(code, run_globals)
  File "/insomnia001/home/pm3361/vision-memory/eval_scripts/eval_2afc.py", line 271, in <module>
    main()
  File "/insomnia001/home/pm3361/vision-memory/eval_scripts/eval_2afc.py", line 192, in main
    evaluators.append(GoogleEvaluator())
  File "/insomnia001/home/pm3361/vision-memory/evaluators/google_evaluator.py", line 15, in __init__
    self.client = genai.Client(api_key=os.environ.get("GOOGLE_API_KEY"))
  File "/insomnia001/home/pm3361/vision-memory/venv/lib64/python3.9/site-packages/google/genai/client.py", line 265, in __init__
    self._api_client = self._get_api_client(
  File "/insomnia001/home/pm3361/vision-memory/venv/lib64/python3.9/site-packages/google/genai/client.py", line 311, in _get_api_client
    return BaseApiClient(
  File "/insomnia001/home/pm3361/vision-memory/venv/lib64/python3.9/site-packages/google/genai/_api_client.py", line 676, in __init__
    raise ValueError(
ValueError: Missing key inputs argument! To use the Google AI API, provide (`api_key`) arguments. To use the Google Cloud API, provide (`vertexai`, `project` & `location`) arguments.
/insomnia001/home/pm3361/vision-memory/venv/lib64/python3.9/site-packages/google/auth/__init__.py:54: FutureWarning: You are using a Python version 3.9 past its end of life. Google will update google-auth with critical bug fixes on a best-effort basis, but not with any other fixes or features. Please upgrade your Python version, and then update google-auth.
  warnings.warn(eol_message.format("3.9"), FutureWarning)
/insomnia001/home/pm3361/vision-memory/venv/lib64/python3.9/site-packages/google/oauth2/__init__.py:40: FutureWarning: You are using a Python version 3.9 past its end of life. Google will update google-auth with critical bug fixes on a best-effort basis, but not with any other fixes or features. Please upgrade your Python version, and then update google-auth.
  warnings.warn(eol_message.format("3.9"), FutureWarning)
Traceback (most recent call last):
  File "/usr/lib64/python3.9/runpy.py", line 197, in _run_module_as_main
    return _run_code(code, main_globals, None,
  File "/usr/lib64/python3.9/runpy.py", line 87, in _run_code
    exec(code, run_globals)
  File "/insomnia001/home/pm3361/vision-memory/eval_scripts/eval_2afc.py", line 271, in <module>
    main()
  File "/insomnia001/home/pm3361/vision-memory/eval_scripts/eval_2afc.py", line 192, in main
    evaluators.append(GoogleEvaluator())
  File "/insomnia001/home/pm3361/vision-memory/evaluators/google_evaluator.py", line 15, in __init__
    self.client = genai.Client(api_key=os.environ.get("GOOGLE_API_KEY"))
  File "/insomnia001/home/pm3361/vision-memory/venv/lib64/python3.9/site-packages/google/genai/client.py", line 265, in __init__
    self._api_client = self._get_api_client(
  File "/insomnia001/home/pm3361/vision-memory/venv/lib64/python3.9/site-packages/google/genai/client.py", line 311, in _get_api_client
    return BaseApiClient(
  File "/insomnia001/home/pm3361/vision-memory/venv/lib64/python3.9/site-packages/google/genai/_api_client.py", line 676, in __init__
    raise ValueError(
ValueError: Missing key inputs argument! To use the Google AI API, provide (`api_key`) arguments. To use the Google Cloud API, provide (`vertexai`, `project` & `location`) arguments.
/insomnia001/home/pm3361/vision-memory/venv/lib64/python3.9/site-packages/google/auth/__init__.py:54: FutureWarning: You are using a Python version 3.9 past its end of life. Google will update google-auth with critical bug fixes on a best-effort basis, but not with any other fixes or features. Please upgrade your Python version, and then update google-auth.
  warnings.warn(eol_message.format("3.9"), FutureWarning)
/insomnia001/home/pm3361/vision-memory/venv/lib64/python3.9/site-packages/google/oauth2/__init__.py:40: FutureWarning: You are using a Python version 3.9 past its end of life. Google will update google-auth with critical bug fixes on a best-effort basis, but not with any other fixes or features. Please upgrade your Python version, and then update google-auth.
  warnings.warn(eol_message.format("3.9"), FutureWarning)
Traceback (most recent call last):
  File "/usr/lib64/python3.9/runpy.py", line 197, in _run_module_as_main
    return _run_code(code, main_globals, None,
  File "/usr/lib64/python3.9/runpy.py", line 87, in _run_code
    exec(code, run_globals)
  File "/insomnia001/home/pm3361/vision-memory/eval_scripts/eval_2afc.py", line 271, in <module>
    main()
  File "/insomnia001/home/pm3361/vision-memory/eval_scripts/eval_2afc.py", line 192, in main
    evaluators.append(GoogleEvaluator())
  File "/insomnia001/home/pm3361/vision-memory/evaluators/google_evaluator.py", line 15, in __init__
    self.client = genai.Client(api_key=os.environ.get("GOOGLE_API_KEY"))
  File "/insomnia001/home/pm3361/vision-memory/venv/lib64/python3.9/site-packages/google/genai/client.py", line 265, in __init__
    self._api_client = self._get_api_client(
  File "/insomnia001/home/pm3361/vision-memory/venv/lib64/python3.9/site-packages/google/genai/client.py", line 311, in _get_api_client
    return BaseApiClient(
  File "/insomnia001/home/pm3361/vision-memory/venv/lib64/python3.9/site-packages/google/genai/_api_client.py", line 676, in __init__
    raise ValueError(
ValueError: Missing key inputs argument! To use the Google AI API, provide (`api_key`) arguments. To use the Google Cloud API, provide (`vertexai`, `project` & `location`) arguments.
/insomnia001/home/pm3361/vision-memory/venv/lib64/python3.9/site-packages/google/auth/__init__.py:54: FutureWarning: You are using a Python version 3.9 past its end of life. Google will update google-auth with critical bug fixes on a best-effort basis, but not with any other fixes or features. Please upgrade your Python version, and then update google-auth.
  warnings.warn(eol_message.format("3.9"), FutureWarning)
/insomnia001/home/pm3361/vision-memory/venv/lib64/python3.9/site-packages/google/oauth2/__init__.py:40: FutureWarning: You are using a Python version 3.9 past its end of life. Google will update google-auth with critical bug fixes on a best-effort basis, but not with any other fixes or features. Please upgrade your Python version, and then update google-auth.
  warnings.warn(eol_message.format("3.9"), FutureWarning)
Traceback (most recent call last):
  File "/usr/lib64/python3.9/runpy.py", line 197, in _run_module_as_main
    return _run_code(code, main_globals, None,
  File "/usr/lib64/python3.9/runpy.py", line 87, in _run_code
    exec(code, run_globals)
  File "/insomnia001/home/pm3361/vision-memory/eval_scripts/eval_2afc.py", line 271, in <module>
    main()
  File "/insomnia001/home/pm3361/vision-memory/eval_scripts/eval_2afc.py", line 192, in main
    evaluators.append(GoogleEvaluator())
  File "/insomnia001/home/pm3361/vision-memory/evaluators/google_evaluator.py", line 15, in __init__
    self.client = genai.Client(api_key=os.environ.get("GOOGLE_API_KEY"))
  File "/insomnia001/home/pm3361/vision-memory/venv/lib64/python3.9/site-packages/google/genai/client.py", line 265, in __init__
    self._api_client = self._get_api_client(
  File "/insomnia001/home/pm3361/vision-memory/venv/lib64/python3.9/site-packages/google/genai/client.py", line 311, in _get_api_client
    return BaseApiClient(
  File "/insomnia001/home/pm3361/vision-memory/venv/lib64/python3.9/site-packages/google/genai/_api_client.py", line 676, in __init__
    raise ValueError(
ValueError: Missing key inputs argument! To use the Google AI API, provide (`api_key`) arguments. To use the Google Cloud API, provide (`vertexai`, `project` & `location`) arguments.
/insomnia001/home/pm3361/vision-memory/venv/lib64/python3.9/site-packages/google/auth/__init__.py:54: FutureWarning: You are using a Python version 3.9 past its end of life. Google will update google-auth with critical bug fixes on a best-effort basis, but not with any other fixes or features. Please upgrade your Python version, and then update google-auth.
  warnings.warn(eol_message.format("3.9"), FutureWarning)
/insomnia001/home/pm3361/vision-memory/venv/lib64/python3.9/site-packages/google/oauth2/__init__.py:40: FutureWarning: You are using a Python version 3.9 past its end of life. Google will update google-auth with critical bug fixes on a best-effort basis, but not with any other fixes or features. Please upgrade your Python version, and then update google-auth.
  warnings.warn(eol_message.format("3.9"), FutureWarning)
Traceback (most recent call last):
  File "/usr/lib64/python3.9/runpy.py", line 197, in _run_module_as_main
    return _run_code(code, main_globals, None,
  File "/usr/lib64/python3.9/runpy.py", line 87, in _run_code
    exec(code, run_globals)
  File "/insomnia001/home/pm3361/vision-memory/eval_scripts/eval_continuous.py", line 193, in <module>
    main()
  File "/insomnia001/home/pm3361/vision-memory/eval_scripts/eval_continuous.py", line 131, in main
    evaluators.append(GoogleEvaluator())
  File "/insomnia001/home/pm3361/vision-memory/evaluators/google_evaluator.py", line 15, in __init__
    self.client = genai.Client(api_key=os.environ.get("GOOGLE_API_KEY"))
  File "/insomnia001/home/pm3361/vision-memory/venv/lib64/python3.9/site-packages/google/genai/client.py", line 265, in __init__
    self._api_client = self._get_api_client(
  File "/insomnia001/home/pm3361/vision-memory/venv/lib64/python3.9/site-packages/google/genai/client.py", line 311, in _get_api_client
    return BaseApiClient(
  File "/insomnia001/home/pm3361/vision-memory/venv/lib64/python3.9/site-packages/google/genai/_api_client.py", line 676, in __init__
    raise ValueError(
ValueError: Missing key inputs argument! To use the Google AI API, provide (`api_key`) arguments. To use the Google Cloud API, provide (`vertexai`, `project` & `location`) arguments.
/insomnia001/home/pm3361/vision-memory/venv/lib64/python3.9/site-packages/google/auth/__init__.py:54: FutureWarning: You are using a Python version 3.9 past its end of life. Google will update google-auth with critical bug fixes on a best-effort basis, but not with any other fixes or features. Please upgrade your Python version, and then update google-auth.
  warnings.warn(eol_message.format("3.9"), FutureWarning)
/insomnia001/home/pm3361/vision-memory/venv/lib64/python3.9/site-packages/google/oauth2/__init__.py:40: FutureWarning: You are using a Python version 3.9 past its end of life. Google will update google-auth with critical bug fixes on a best-effort basis, but not with any other fixes or features. Please upgrade your Python version, and then update google-auth.
  warnings.warn(eol_message.format("3.9"), FutureWarning)
Traceback (most recent call last):
  File "/usr/lib64/python3.9/runpy.py", line 197, in _run_module_as_main
    return _run_code(code, main_globals, None,
  File "/usr/lib64/python3.9/runpy.py", line 87, in _run_code
    exec(code, run_globals)
  File "/insomnia001/home/pm3361/vision-memory/eval_scripts/eval_continuous.py", line 193, in <module>
    main()
  File "/insomnia001/home/pm3361/vision-memory/eval_scripts/eval_continuous.py", line 131, in main
    evaluators.append(GoogleEvaluator())
  File "/insomnia001/home/pm3361/vision-memory/evaluators/google_evaluator.py", line 15, in __init__
    self.client = genai.Client(api_key=os.environ.get("GOOGLE_API_KEY"))
  File "/insomnia001/home/pm3361/vision-memory/venv/lib64/python3.9/site-packages/google/genai/client.py", line 265, in __init__
    self._api_client = self._get_api_client(
  File "/insomnia001/home/pm3361/vision-memory/venv/lib64/python3.9/site-packages/google/genai/client.py", line 311, in _get_api_client
    return BaseApiClient(
  File "/insomnia001/home/pm3361/vision-memory/venv/lib64/python3.9/site-packages/google/genai/_api_client.py", line 676, in __init__
    raise ValueError(
ValueError: Missing key inputs argument! To use the Google AI API, provide (`api_key`) arguments. To use the Google Cloud API, provide (`vertexai`, `project` & `location`) arguments.
/insomnia001/home/pm3361/vision-memory/venv/lib64/python3.9/site-packages/google/auth/__init__.py:54: FutureWarning: You are using a Python version 3.9 past its end of life. Google will update google-auth with critical bug fixes on a best-effort basis, but not with any other fixes or features. Please upgrade your Python version, and then update google-auth.
  warnings.warn(eol_message.format("3.9"), FutureWarning)
/insomnia001/home/pm3361/vision-memory/venv/lib64/python3.9/site-packages/google/oauth2/__init__.py:40: FutureWarning: You are using a Python version 3.9 past its end of life. Google will update google-auth with critical bug fixes on a best-effort basis, but not with any other fixes or features. Please upgrade your Python version, and then update google-auth.
  warnings.warn(eol_message.format("3.9"), FutureWarning)
Traceback (most recent call last):
  File "/usr/lib64/python3.9/runpy.py", line 197, in _run_module_as_main
    return _run_code(code, main_globals, None,
  File "/usr/lib64/python3.9/runpy.py", line 87, in _run_code
    exec(code, run_globals)
  File "/insomnia001/home/pm3361/vision-memory/eval_scripts/eval_continuous.py", line 193, in <module>
    main()
  File "/insomnia001/home/pm3361/vision-memory/eval_scripts/eval_continuous.py", line 131, in main
    evaluators.append(GoogleEvaluator())
  File "/insomnia001/home/pm3361/vision-memory/evaluators/google_evaluator.py", line 15, in __init__
    self.client = genai.Client(api_key=os.environ.get("GOOGLE_API_KEY"))
  File "/insomnia001/home/pm3361/vision-memory/venv/lib64/python3.9/site-packages/google/genai/client.py", line 265, in __init__
    self._api_client = self._get_api_client(
  File "/insomnia001/home/pm3361/vision-memory/venv/lib64/python3.9/site-packages/google/genai/client.py", line 311, in _get_api_client
    return BaseApiClient(
  File "/insomnia001/home/pm3361/vision-memory/venv/lib64/python3.9/site-packages/google/genai/_api_client.py", line 676, in __init__
    raise ValueError(
ValueError: Missing key inputs argument! To use the Google AI API, provide (`api_key`) arguments. To use the Google Cloud API, provide (`vertexai`, `project` & `location`) arguments.
/insomnia001/home/pm3361/vision-memory/venv/lib64/python3.9/site-packages/google/auth/__init__.py:54: FutureWarning: You are using a Python version 3.9 past its end of life. Google will update google-auth with critical bug fixes on a best-effort basis, but not with any other fixes or features. Please upgrade your Python version, and then update google-auth.
  warnings.warn(eol_message.format("3.9"), FutureWarning)
/insomnia001/home/pm3361/vision-memory/venv/lib64/python3.9/site-packages/google/oauth2/__init__.py:40: FutureWarning: You are using a Python version 3.9 past its end of life. Google will update google-auth with critical bug fixes on a best-effort basis, but not with any other fixes or features. Please upgrade your Python version, and then update google-auth.
  warnings.warn(eol_message.format("3.9"), FutureWarning)
Traceback (most recent call last):
  File "/usr/lib64/python3.9/runpy.py", line 197, in _run_module_as_main
    return _run_code(code, main_globals, None,
  File "/usr/lib64/python3.9/runpy.py", line 87, in _run_code
    exec(code, run_globals)
  File "/insomnia001/home/pm3361/vision-memory/eval_scripts/eval_continuous.py", line 193, in <module>
    main()
  File "/insomnia001/home/pm3361/vision-memory/eval_scripts/eval_continuous.py", line 131, in main
    evaluators.append(GoogleEvaluator())
  File "/insomnia001/home/pm3361/vision-memory/evaluators/google_evaluator.py", line 15, in __init__
    self.client = genai.Client(api_key=os.environ.get("GOOGLE_API_KEY"))
  File "/insomnia001/home/pm3361/vision-memory/venv/lib64/python3.9/site-packages/google/genai/client.py", line 265, in __init__
    self._api_client = self._get_api_client(
  File "/insomnia001/home/pm3361/vision-memory/venv/lib64/python3.9/site-packages/google/genai/client.py", line 311, in _get_api_client
    return BaseApiClient(
  File "/insomnia001/home/pm3361/vision-memory/venv/lib64/python3.9/site-packages/google/genai/_api_client.py", line 676, in __init__
    raise ValueError(
ValueError: Missing key inputs argument! To use the Google AI API, provide (`api_key`) arguments. To use the Google Cloud API, provide (`vertexai`, `project` & `location`) arguments.
/insomnia001/home/pm3361/vision-memory/venv/lib64/python3.9/site-packages/google/auth/__init__.py:54: FutureWarning: You are using a Python version 3.9 past its end of life. Google will update google-auth with critical bug fixes on a best-effort basis, but not with any other fixes or features. Please upgrade your Python version, and then update google-auth.
  warnings.warn(eol_message.format("3.9"), FutureWarning)
/insomnia001/home/pm3361/vision-memory/venv/lib64/python3.9/site-packages/google/oauth2/__init__.py:40: FutureWarning: You are using a Python version 3.9 past its end of life. Google will update google-auth with critical bug fixes on a best-effort basis, but not with any other fixes or features. Please upgrade your Python version, and then update google-auth.
  warnings.warn(eol_message.format("3.9"), FutureWarning)
Traceback (most recent call last):
  File "/usr/lib64/python3.9/runpy.py", line 197, in _run_module_as_main
    return _run_code(code, main_globals, None,
  File "/usr/lib64/python3.9/runpy.py", line 87, in _run_code
    exec(code, run_globals)
  File "/insomnia001/home/pm3361/vision-memory/eval_scripts/eval_continuous.py", line 193, in <module>
    main()
  File "/insomnia001/home/pm3361/vision-memory/eval_scripts/eval_continuous.py", line 131, in main
    evaluators.append(GoogleEvaluator())
  File "/insomnia001/home/pm3361/vision-memory/evaluators/google_evaluator.py", line 15, in __init__
    self.client = genai.Client(api_key=os.environ.get("GOOGLE_API_KEY"))
  File "/insomnia001/home/pm3361/vision-memory/venv/lib64/python3.9/site-packages/google/genai/client.py", line 265, in __init__
    self._api_client = self._get_api_client(
  File "/insomnia001/home/pm3361/vision-memory/venv/lib64/python3.9/site-packages/google/genai/client.py", line 311, in _get_api_client
    return BaseApiClient(
  File "/insomnia001/home/pm3361/vision-memory/venv/lib64/python3.9/site-packages/google/genai/_api_client.py", line 676, in __init__
    raise ValueError(
ValueError: Missing key inputs argument! To use the Google AI API, provide (`api_key`) arguments. To use the Google Cloud API, provide (`vertexai`, `project` & `location`) arguments.
/insomnia001/home/pm3361/vision-memory/venv/lib64/python3.9/site-packages/google/auth/__init__.py:54: FutureWarning: You are using a Python version 3.9 past its end of life. Google will update google-auth with critical bug fixes on a best-effort basis, but not with any other fixes or features. Please upgrade your Python version, and then update google-auth.
  warnings.warn(eol_message.format("3.9"), FutureWarning)
/insomnia001/home/pm3361/vision-memory/venv/lib64/python3.9/site-packages/google/oauth2/__init__.py:40: FutureWarning: You are using a Python version 3.9 past its end of life. Google will update google-auth with critical bug fixes on a best-effort basis, but not with any other fixes or features. Please upgrade your Python version, and then update google-auth.
  warnings.warn(eol_message.format("3.9"), FutureWarning)
Traceback (most recent call last):
  File "/usr/lib64/python3.9/runpy.py", line 197, in _run_module_as_main
    return _run_code(code, main_globals, None,
  File "/usr/lib64/python3.9/runpy.py", line 87, in _run_code
    exec(code, run_globals)
  File "/insomnia001/home/pm3361/vision-memory/eval_scripts/eval_continuous.py", line 193, in <module>
    main()
  File "/insomnia001/home/pm3361/vision-memory/eval_scripts/eval_continuous.py", line 131, in main
    evaluators.append(GoogleEvaluator())
  File "/insomnia001/home/pm3361/vision-memory/evaluators/google_evaluator.py", line 15, in __init__
    self.client = genai.Client(api_key=os.environ.get("GOOGLE_API_KEY"))
  File "/insomnia001/home/pm3361/vision-memory/venv/lib64/python3.9/site-packages/google/genai/client.py", line 265, in __init__
    self._api_client = self._get_api_client(
  File "/insomnia001/home/pm3361/vision-memory/venv/lib64/python3.9/site-packages/google/genai/client.py", line 311, in _get_api_client
    return BaseApiClient(
  File "/insomnia001/home/pm3361/vision-memory/venv/lib64/python3.9/site-packages/google/genai/_api_client.py", line 676, in __init__
    raise ValueError(
ValueError: Missing key inputs argument! To use the Google AI API, provide (`api_key`) arguments. To use the Google Cloud API, provide (`vertexai`, `project` & `location`) arguments.
/insomnia001/home/pm3361/vision-memory/venv/lib64/python3.9/site-packages/google/auth/__init__.py:54: FutureWarning: You are using a Python version 3.9 past its end of life. Google will update google-auth with critical bug fixes on a best-effort basis, but not with any other fixes or features. Please upgrade your Python version, and then update google-auth.
  warnings.warn(eol_message.format("3.9"), FutureWarning)
/insomnia001/home/pm3361/vision-memory/venv/lib64/python3.9/site-packages/google/oauth2/__init__.py:40: FutureWarning: You are using a Python version 3.9 past its end of life. Google will update google-auth with critical bug fixes on a best-effort basis, but not with any other fixes or features. Please upgrade your Python version, and then update google-auth.
  warnings.warn(eol_message.format("3.9"), FutureWarning)
Traceback (most recent call last):
  File "/usr/lib64/python3.9/runpy.py", line 197, in _run_module_as_main
    return _run_code(code, main_globals, None,
  File "/usr/lib64/python3.9/runpy.py", line 87, in _run_code
    exec(code, run_globals)
  File "/insomnia001/home/pm3361/vision-memory/eval_scripts/eval_pam.py", line 264, in <module>
    main()
  File "/insomnia001/home/pm3361/vision-memory/eval_scripts/eval_pam.py", line 199, in main
    evaluators.append(GoogleEvaluator())
  File "/insomnia001/home/pm3361/vision-memory/evaluators/google_evaluator.py", line 15, in __init__
    self.client = genai.Client(api_key=os.environ.get("GOOGLE_API_KEY"))
  File "/insomnia001/home/pm3361/vision-memory/venv/lib64/python3.9/site-packages/google/genai/client.py", line 265, in __init__
    self._api_client = self._get_api_client(
  File "/insomnia001/home/pm3361/vision-memory/venv/lib64/python3.9/site-packages/google/genai/client.py", line 311, in _get_api_client
    return BaseApiClient(
  File "/insomnia001/home/pm3361/vision-memory/venv/lib64/python3.9/site-packages/google/genai/_api_client.py", line 676, in __init__
    raise ValueError(
ValueError: Missing key inputs argument! To use the Google AI API, provide (`api_key`) arguments. To use the Google Cloud API, provide (`vertexai`, `project` & `location`) arguments.
/insomnia001/home/pm3361/vision-memory/venv/lib64/python3.9/site-packages/google/auth/__init__.py:54: FutureWarning: You are using a Python version 3.9 past its end of life. Google will update google-auth with critical bug fixes on a best-effort basis, but not with any other fixes or features. Please upgrade your Python version, and then update google-auth.
  warnings.warn(eol_message.format("3.9"), FutureWarning)
/insomnia001/home/pm3361/vision-memory/venv/lib64/python3.9/site-packages/google/oauth2/__init__.py:40: FutureWarning: You are using a Python version 3.9 past its end of life. Google will update google-auth with critical bug fixes on a best-effort basis, but not with any other fixes or features. Please upgrade your Python version, and then update google-auth.
  warnings.warn(eol_message.format("3.9"), FutureWarning)
Traceback (most recent call last):
  File "/usr/lib64/python3.9/runpy.py", line 197, in _run_module_as_main
    return _run_code(code, main_globals, None,
  File "/usr/lib64/python3.9/runpy.py", line 87, in _run_code
    exec(code, run_globals)
  File "/insomnia001/home/pm3361/vision-memory/eval_scripts/eval_pam.py", line 264, in <module>
    main()
  File "/insomnia001/home/pm3361/vision-memory/eval_scripts/eval_pam.py", line 199, in main
    evaluators.append(GoogleEvaluator())
  File "/insomnia001/home/pm3361/vision-memory/evaluators/google_evaluator.py", line 15, in __init__
    self.client = genai.Client(api_key=os.environ.get("GOOGLE_API_KEY"))
  File "/insomnia001/home/pm3361/vision-memory/venv/lib64/python3.9/site-packages/google/genai/client.py", line 265, in __init__
    self._api_client = self._get_api_client(
  File "/insomnia001/home/pm3361/vision-memory/venv/lib64/python3.9/site-packages/google/genai/client.py", line 311, in _get_api_client
    return BaseApiClient(
  File "/insomnia001/home/pm3361/vision-memory/venv/lib64/python3.9/site-packages/google/genai/_api_client.py", line 676, in __init__
    raise ValueError(
ValueError: Missing key inputs argument! To use the Google AI API, provide (`api_key`) arguments. To use the Google Cloud API, provide (`vertexai`, `project` & `location`) arguments.
/insomnia001/home/pm3361/vision-memory/venv/lib64/python3.9/site-packages/google/auth/__init__.py:54: FutureWarning: You are using a Python version 3.9 past its end of life. Google will update google-auth with critical bug fixes on a best-effort basis, but not with any other fixes or features. Please upgrade your Python version, and then update google-auth.
  warnings.warn(eol_message.format("3.9"), FutureWarning)
/insomnia001/home/pm3361/vision-memory/venv/lib64/python3.9/site-packages/google/oauth2/__init__.py:40: FutureWarning: You are using a Python version 3.9 past its end of life. Google will update google-auth with critical bug fixes on a best-effort basis, but not with any other fixes or features. Please upgrade your Python version, and then update google-auth.
  warnings.warn(eol_message.format("3.9"), FutureWarning)
Traceback (most recent call last):
  File "/usr/lib64/python3.9/runpy.py", line 197, in _run_module_as_main
    return _run_code(code, main_globals, None,
  File "/usr/lib64/python3.9/runpy.py", line 87, in _run_code
    exec(code, run_globals)
  File "/insomnia001/home/pm3361/vision-memory/eval_scripts/eval_pam.py", line 264, in <module>
    main()
  File "/insomnia001/home/pm3361/vision-memory/eval_scripts/eval_pam.py", line 199, in main
    evaluators.append(GoogleEvaluator())
  File "/insomnia001/home/pm3361/vision-memory/evaluators/google_evaluator.py", line 15, in __init__
    self.client = genai.Client(api_key=os.environ.get("GOOGLE_API_KEY"))
  File "/insomnia001/home/pm3361/vision-memory/venv/lib64/python3.9/site-packages/google/genai/client.py", line 265, in __init__
    self._api_client = self._get_api_client(
  File "/insomnia001/home/pm3361/vision-memory/venv/lib64/python3.9/site-packages/google/genai/client.py", line 311, in _get_api_client
    return BaseApiClient(
  File "/insomnia001/home/pm3361/vision-memory/venv/lib64/python3.9/site-packages/google/genai/_api_client.py", line 676, in __init__
    raise ValueError(
ValueError: Missing key inputs argument! To use the Google AI API, provide (`api_key`) arguments. To use the Google Cloud API, provide (`vertexai`, `project` & `location`) arguments.
/insomnia001/home/pm3361/vision-memory/venv/lib64/python3.9/site-packages/google/auth/__init__.py:54: FutureWarning: You are using a Python version 3.9 past its end of life. Google will update google-auth with critical bug fixes on a best-effort basis, but not with any other fixes or features. Please upgrade your Python version, and then update google-auth.
  warnings.warn(eol_message.format("3.9"), FutureWarning)
/insomnia001/home/pm3361/vision-memory/venv/lib64/python3.9/site-packages/google/oauth2/__init__.py:40: FutureWarning: You are using a Python version 3.9 past its end of life. Google will update google-auth with critical bug fixes on a best-effort basis, but not with any other fixes or features. Please upgrade your Python version, and then update google-auth.
  warnings.warn(eol_message.format("3.9"), FutureWarning)
Traceback (most recent call last):
  File "/usr/lib64/python3.9/runpy.py", line 197, in _run_module_as_main
    return _run_code(code, main_globals, None,
  File "/usr/lib64/python3.9/runpy.py", line 87, in _run_code
    exec(code, run_globals)
  File "/insomnia001/home/pm3361/vision-memory/eval_scripts/eval_pam.py", line 264, in <module>
    main()
  File "/insomnia001/home/pm3361/vision-memory/eval_scripts/eval_pam.py", line 199, in main
    evaluators.append(GoogleEvaluator())
  File "/insomnia001/home/pm3361/vision-memory/evaluators/google_evaluator.py", line 15, in __init__
    self.client = genai.Client(api_key=os.environ.get("GOOGLE_API_KEY"))
  File "/insomnia001/home/pm3361/vision-memory/venv/lib64/python3.9/site-packages/google/genai/client.py", line 265, in __init__
    self._api_client = self._get_api_client(
  File "/insomnia001/home/pm3361/vision-memory/venv/lib64/python3.9/site-packages/google/genai/client.py", line 311, in _get_api_client
    return BaseApiClient(
  File "/insomnia001/home/pm3361/vision-memory/venv/lib64/python3.9/site-packages/google/genai/_api_client.py", line 676, in __init__
    raise ValueError(
ValueError: Missing key inputs argument! To use the Google AI API, provide (`api_key`) arguments. To use the Google Cloud API, provide (`vertexai`, `project` & `location`) arguments.
/insomnia001/home/pm3361/vision-memory/venv/lib64/python3.9/site-packages/google/auth/__init__.py:54: FutureWarning: You are using a Python version 3.9 past its end of life. Google will update google-auth with critical bug fixes on a best-effort basis, but not with any other fixes or features. Please upgrade your Python version, and then update google-auth.
  warnings.warn(eol_message.format("3.9"), FutureWarning)
/insomnia001/home/pm3361/vision-memory/venv/lib64/python3.9/site-packages/google/oauth2/__init__.py:40: FutureWarning: You are using a Python version 3.9 past its end of life. Google will update google-auth with critical bug fixes on a best-effort basis, but not with any other fixes or features. Please upgrade your Python version, and then update google-auth.
  warnings.warn(eol_message.format("3.9"), FutureWarning)
Traceback (most recent call last):
  File "/usr/lib64/python3.9/runpy.py", line 197, in _run_module_as_main
    return _run_code(code, main_globals, None,
  File "/usr/lib64/python3.9/runpy.py", line 87, in _run_code
    exec(code, run_globals)
  File "/insomnia001/home/pm3361/vision-memory/eval_scripts/eval_pam.py", line 264, in <module>
    main()
  File "/insomnia001/home/pm3361/vision-memory/eval_scripts/eval_pam.py", line 199, in main
    evaluators.append(GoogleEvaluator())
  File "/insomnia001/home/pm3361/vision-memory/evaluators/google_evaluator.py", line 15, in __init__
    self.client = genai.Client(api_key=os.environ.get("GOOGLE_API_KEY"))
  File "/insomnia001/home/pm3361/vision-memory/venv/lib64/python3.9/site-packages/google/genai/client.py", line 265, in __init__
    self._api_client = self._get_api_client(
  File "/insomnia001/home/pm3361/vision-memory/venv/lib64/python3.9/site-packages/google/genai/client.py", line 311, in _get_api_client
    return BaseApiClient(
  File "/insomnia001/home/pm3361/vision-memory/venv/lib64/python3.9/site-packages/google/genai/_api_client.py", line 676, in __init__
    raise ValueError(
ValueError: Missing key inputs argument! To use the Google AI API, provide (`api_key`) arguments. To use the Google Cloud API, provide (`vertexai`, `project` & `location`) arguments.
/insomnia001/home/pm3361/vision-memory/venv/lib64/python3.9/site-packages/google/auth/__init__.py:54: FutureWarning: You are using a Python version 3.9 past its end of life. Google will update google-auth with critical bug fixes on a best-effort basis, but not with any other fixes or features. Please upgrade your Python version, and then update google-auth.
  warnings.warn(eol_message.format("3.9"), FutureWarning)
/insomnia001/home/pm3361/vision-memory/venv/lib64/python3.9/site-packages/google/oauth2/__init__.py:40: FutureWarning: You are using a Python version 3.9 past its end of life. Google will update google-auth with critical bug fixes on a best-effort basis, but not with any other fixes or features. Please upgrade your Python version, and then update google-auth.
  warnings.warn(eol_message.format("3.9"), FutureWarning)
Traceback (most recent call last):
  File "/usr/lib64/python3.9/runpy.py", line 197, in _run_module_as_main
    return _run_code(code, main_globals, None,
  File "/usr/lib64/python3.9/runpy.py", line 87, in _run_code
    exec(code, run_globals)
  File "/insomnia001/home/pm3361/vision-memory/eval_scripts/eval_pam.py", line 264, in <module>
    main()
  File "/insomnia001/home/pm3361/vision-memory/eval_scripts/eval_pam.py", line 199, in main
    evaluators.append(GoogleEvaluator())
  File "/insomnia001/home/pm3361/vision-memory/evaluators/google_evaluator.py", line 15, in __init__
    self.client = genai.Client(api_key=os.environ.get("GOOGLE_API_KEY"))
  File "/insomnia001/home/pm3361/vision-memory/venv/lib64/python3.9/site-packages/google/genai/client.py", line 265, in __init__
    self._api_client = self._get_api_client(
  File "/insomnia001/home/pm3361/vision-memory/venv/lib64/python3.9/site-packages/google/genai/client.py", line 311, in _get_api_client
    return BaseApiClient(
  File "/insomnia001/home/pm3361/vision-memory/venv/lib64/python3.9/site-packages/google/genai/_api_client.py", line 676, in __init__
    raise ValueError(
ValueError: Missing key inputs argument! To use the Google AI API, provide (`api_key`) arguments. To use the Google Cloud API, provide (`vertexai`, `project` & `location`) arguments.
/insomnia001/home/pm3361/vision-memory/venv/lib64/python3.9/site-packages/google/auth/__init__.py:54: FutureWarning: You are using a Python version 3.9 past its end of life. Google will update google-auth with critical bug fixes on a best-effort basis, but not with any other fixes or features. Please upgrade your Python version, and then update google-auth.
  warnings.warn(eol_message.format("3.9"), FutureWarning)
/insomnia001/home/pm3361/vision-memory/venv/lib64/python3.9/site-packages/google/oauth2/__init__.py:40: FutureWarning: You are using a Python version 3.9 past its end of life. Google will update google-auth with critical bug fixes on a best-effort basis, but not with any other fixes or features. Please upgrade your Python version, and then update google-auth.
  warnings.warn(eol_message.format("3.9"), FutureWarning)
Traceback (most recent call last):
  File "/usr/lib64/python3.9/runpy.py", line 197, in _run_module_as_main
    return _run_code(code, main_globals, None,
  File "/usr/lib64/python3.9/runpy.py", line 87, in _run_code
    exec(code, run_globals)
  File "/insomnia001/home/pm3361/vision-memory/eval_scripts/eval_pam.py", line 264, in <module>
    main()
  File "/insomnia001/home/pm3361/vision-memory/eval_scripts/eval_pam.py", line 199, in main
    evaluators.append(GoogleEvaluator())
  File "/insomnia001/home/pm3361/vision-memory/evaluators/google_evaluator.py", line 15, in __init__
    self.client = genai.Client(api_key=os.environ.get("GOOGLE_API_KEY"))
  File "/insomnia001/home/pm3361/vision-memory/venv/lib64/python3.9/site-packages/google/genai/client.py", line 265, in __init__
    self._api_client = self._get_api_client(
  File "/insomnia001/home/pm3361/vision-memory/venv/lib64/python3.9/site-packages/google/genai/client.py", line 311, in _get_api_client
    return BaseApiClient(
  File "/insomnia001/home/pm3361/vision-memory/venv/lib64/python3.9/site-packages/google/genai/_api_client.py", line 676, in __init__
    raise ValueError(
ValueError: Missing key inputs argument! To use the Google AI API, provide (`api_key`) arguments. To use the Google Cloud API, provide (`vertexai`, `project` & `location`) arguments.
/insomnia001/home/pm3361/vision-memory/venv/lib64/python3.9/site-packages/google/auth/__init__.py:54: FutureWarning: You are using a Python version 3.9 past its end of life. Google will update google-auth with critical bug fixes on a best-effort basis, but not with any other fixes or features. Please upgrade your Python version, and then update google-auth.
  warnings.warn(eol_message.format("3.9"), FutureWarning)
/insomnia001/home/pm3361/vision-memory/venv/lib64/python3.9/site-packages/google/oauth2/__init__.py:40: FutureWarning: You are using a Python version 3.9 past its end of life. Google will update google-auth with critical bug fixes on a best-effort basis, but not with any other fixes or features. Please upgrade your Python version, and then update google-auth.
  warnings.warn(eol_message.format("3.9"), FutureWarning)
Traceback (most recent call last):
  File "/usr/lib64/python3.9/runpy.py", line 197, in _run_module_as_main
    return _run_code(code, main_globals, None,
  File "/usr/lib64/python3.9/runpy.py", line 87, in _run_code
    exec(code, run_globals)
  File "/insomnia001/home/pm3361/vision-memory/eval_scripts/eval_pam.py", line 264, in <module>
    main()
  File "/insomnia001/home/pm3361/vision-memory/eval_scripts/eval_pam.py", line 199, in main
    evaluators.append(GoogleEvaluator())
  File "/insomnia001/home/pm3361/vision-memory/evaluators/google_evaluator.py", line 15, in __init__
    self.client = genai.Client(api_key=os.environ.get("GOOGLE_API_KEY"))
  File "/insomnia001/home/pm3361/vision-memory/venv/lib64/python3.9/site-packages/google/genai/client.py", line 265, in __init__
    self._api_client = self._get_api_client(
  File "/insomnia001/home/pm3361/vision-memory/venv/lib64/python3.9/site-packages/google/genai/client.py", line 311, in _get_api_client
    return BaseApiClient(
  File "/insomnia001/home/pm3361/vision-memory/venv/lib64/python3.9/site-packages/google/genai/_api_client.py", line 676, in __init__
    raise ValueError(
ValueError: Missing key inputs argument! To use the Google AI API, provide (`api_key`) arguments. To use the Google Cloud API, provide (`vertexai`, `project` & `location`) arguments.
/insomnia001/home/pm3361/vision-memory/venv/lib64/python3.9/site-packages/google/auth/__init__.py:54: FutureWarning: You are using a Python version 3.9 past its end of life. Google will update google-auth with critical bug fixes on a best-effort basis, but not with any other fixes or features. Please upgrade your Python version, and then update google-auth.
  warnings.warn(eol_message.format("3.9"), FutureWarning)
/insomnia001/home/pm3361/vision-memory/venv/lib64/python3.9/site-packages/google/oauth2/__init__.py:40: FutureWarning: You are using a Python version 3.9 past its end of life. Google will update google-auth with critical bug fixes on a best-effort basis, but not with any other fixes or features. Please upgrade your Python version, and then update google-auth.
  warnings.warn(eol_message.format("3.9"), FutureWarning)
Traceback (most recent call last):
  File "/usr/lib64/python3.9/runpy.py", line 197, in _run_module_as_main
    return _run_code(code, main_globals, None,
  File "/usr/lib64/python3.9/runpy.py", line 87, in _run_code
    exec(code, run_globals)
  File "/insomnia001/home/pm3361/vision-memory/eval_scripts/eval_visual_haystacks.py", line 195, in <module>
    main()
  File "/insomnia001/home/pm3361/vision-memory/eval_scripts/eval_visual_haystacks.py", line 145, in main
    evaluators.append(GoogleEvaluator())
  File "/insomnia001/home/pm3361/vision-memory/evaluators/google_evaluator.py", line 15, in __init__
    self.client = genai.Client(api_key=os.environ.get("GOOGLE_API_KEY"))
  File "/insomnia001/home/pm3361/vision-memory/venv/lib64/python3.9/site-packages/google/genai/client.py", line 265, in __init__
    self._api_client = self._get_api_client(
  File "/insomnia001/home/pm3361/vision-memory/venv/lib64/python3.9/site-packages/google/genai/client.py", line 311, in _get_api_client
    return BaseApiClient(
  File "/insomnia001/home/pm3361/vision-memory/venv/lib64/python3.9/site-packages/google/genai/_api_client.py", line 676, in __init__
    raise ValueError(
ValueError: Missing key inputs argument! To use the Google AI API, provide (`api_key`) arguments. To use the Google Cloud API, provide (`vertexai`, `project` & `location`) arguments.
/insomnia001/home/pm3361/vision-memory/venv/lib64/python3.9/site-packages/google/auth/__init__.py:54: FutureWarning: You are using a Python version 3.9 past its end of life. Google will update google-auth with critical bug fixes on a best-effort basis, but not with any other fixes or features. Please upgrade your Python version, and then update google-auth.
  warnings.warn(eol_message.format("3.9"), FutureWarning)
/insomnia001/home/pm3361/vision-memory/venv/lib64/python3.9/site-packages/google/oauth2/__init__.py:40: FutureWarning: You are using a Python version 3.9 past its end of life. Google will update google-auth with critical bug fixes on a best-effort basis, but not with any other fixes or features. Please upgrade your Python version, and then update google-auth.
  warnings.warn(eol_message.format("3.9"), FutureWarning)
Traceback (most recent call last):
  File "/usr/lib64/python3.9/runpy.py", line 197, in _run_module_as_main
    return _run_code(code, main_globals, None,
  File "/usr/lib64/python3.9/runpy.py", line 87, in _run_code
    exec(code, run_globals)
  File "/insomnia001/home/pm3361/vision-memory/eval_scripts/eval_visual_haystacks.py", line 195, in <module>
    main()
  File "/insomnia001/home/pm3361/vision-memory/eval_scripts/eval_visual_haystacks.py", line 145, in main
    evaluators.append(GoogleEvaluator())
  File "/insomnia001/home/pm3361/vision-memory/evaluators/google_evaluator.py", line 15, in __init__
    self.client = genai.Client(api_key=os.environ.get("GOOGLE_API_KEY"))
  File "/insomnia001/home/pm3361/vision-memory/venv/lib64/python3.9/site-packages/google/genai/client.py", line 265, in __init__
    self._api_client = self._get_api_client(
  File "/insomnia001/home/pm3361/vision-memory/venv/lib64/python3.9/site-packages/google/genai/client.py", line 311, in _get_api_client
    return BaseApiClient(
  File "/insomnia001/home/pm3361/vision-memory/venv/lib64/python3.9/site-packages/google/genai/_api_client.py", line 676, in __init__
    raise ValueError(
ValueError: Missing key inputs argument! To use the Google AI API, provide (`api_key`) arguments. To use the Google Cloud API, provide (`vertexai`, `project` & `location`) arguments.
/insomnia001/home/pm3361/vision-memory/venv/lib64/python3.9/site-packages/google/auth/__init__.py:54: FutureWarning: You are using a Python version 3.9 past its end of life. Google will update google-auth with critical bug fixes on a best-effort basis, but not with any other fixes or features. Please upgrade your Python version, and then update google-auth.
  warnings.warn(eol_message.format("3.9"), FutureWarning)
/insomnia001/home/pm3361/vision-memory/venv/lib64/python3.9/site-packages/google/oauth2/__init__.py:40: FutureWarning: You are using a Python version 3.9 past its end of life. Google will update google-auth with critical bug fixes on a best-effort basis, but not with any other fixes or features. Please upgrade your Python version, and then update google-auth.
  warnings.warn(eol_message.format("3.9"), FutureWarning)
Traceback (most recent call last):
  File "/usr/lib64/python3.9/runpy.py", line 197, in _run_module_as_main
    return _run_code(code, main_globals, None,
  File "/usr/lib64/python3.9/runpy.py", line 87, in _run_code
    exec(code, run_globals)
  File "/insomnia001/home/pm3361/vision-memory/eval_scripts/eval_visual_haystacks.py", line 195, in <module>
    main()
  File "/insomnia001/home/pm3361/vision-memory/eval_scripts/eval_visual_haystacks.py", line 145, in main
    evaluators.append(GoogleEvaluator())
  File "/insomnia001/home/pm3361/vision-memory/evaluators/google_evaluator.py", line 15, in __init__
    self.client = genai.Client(api_key=os.environ.get("GOOGLE_API_KEY"))
  File "/insomnia001/home/pm3361/vision-memory/venv/lib64/python3.9/site-packages/google/genai/client.py", line 265, in __init__
    self._api_client = self._get_api_client(
  File "/insomnia001/home/pm3361/vision-memory/venv/lib64/python3.9/site-packages/google/genai/client.py", line 311, in _get_api_client
    return BaseApiClient(
  File "/insomnia001/home/pm3361/vision-memory/venv/lib64/python3.9/site-packages/google/genai/_api_client.py", line 676, in __init__
    raise ValueError(
ValueError: Missing key inputs argument! To use the Google AI API, provide (`api_key`) arguments. To use the Google Cloud API, provide (`vertexai`, `project` & `location`) arguments.
/insomnia001/home/pm3361/vision-memory/venv/lib64/python3.9/site-packages/google/auth/__init__.py:54: FutureWarning: You are using a Python version 3.9 past its end of life. Google will update google-auth with critical bug fixes on a best-effort basis, but not with any other fixes or features. Please upgrade your Python version, and then update google-auth.
  warnings.warn(eol_message.format("3.9"), FutureWarning)
/insomnia001/home/pm3361/vision-memory/venv/lib64/python3.9/site-packages/google/oauth2/__init__.py:40: FutureWarning: You are using a Python version 3.9 past its end of life. Google will update google-auth with critical bug fixes on a best-effort basis, but not with any other fixes or features. Please upgrade your Python version, and then update google-auth.
  warnings.warn(eol_message.format("3.9"), FutureWarning)
Traceback (most recent call last):
  File "/usr/lib64/python3.9/runpy.py", line 197, in _run_module_as_main
    return _run_code(code, main_globals, None,
  File "/usr/lib64/python3.9/runpy.py", line 87, in _run_code
    exec(code, run_globals)
  File "/insomnia001/home/pm3361/vision-memory/eval_scripts/eval_visual_haystacks.py", line 195, in <module>
    main()
  File "/insomnia001/home/pm3361/vision-memory/eval_scripts/eval_visual_haystacks.py", line 145, in main
    evaluators.append(GoogleEvaluator())
  File "/insomnia001/home/pm3361/vision-memory/evaluators/google_evaluator.py", line 15, in __init__
    self.client = genai.Client(api_key=os.environ.get("GOOGLE_API_KEY"))
  File "/insomnia001/home/pm3361/vision-memory/venv/lib64/python3.9/site-packages/google/genai/client.py", line 265, in __init__
    self._api_client = self._get_api_client(
  File "/insomnia001/home/pm3361/vision-memory/venv/lib64/python3.9/site-packages/google/genai/client.py", line 311, in _get_api_client
    return BaseApiClient(
  File "/insomnia001/home/pm3361/vision-memory/venv/lib64/python3.9/site-packages/google/genai/_api_client.py", line 676, in __init__
    raise ValueError(
ValueError: Missing key inputs argument! To use the Google AI API, provide (`api_key`) arguments. To use the Google Cloud API, provide (`vertexai`, `project` & `location`) arguments.
